1000 DBG
2000 DBG
3000 DBG
4000 DBG
5000 DBG
6000 DBG
7000 DBG
7908 ACK SET ST 4
DBG take_action SET-ST-4
8000 DBG
9000 DBG
10000 DBG
11000 DBG
11207 ACK SET ST 4
DBG take_action SET-ST-4
12000 DBG
13000 DBG
14000 DBG
15000 DBG
16000 DBG
17000 DBG
18000 DBG
19000 DBG
20000 DBG
21000 DBG
22000 DBG
23000 DBG
24000 DBG
25000 DBG
26000 DBG
27000 DBG
28000 DBG
29000 DBG
30000 DBG
31000 DBG
32000 DBG
33000 DBG
34000 DBG
35000 DBG
36000 DBG
37000 DBG
38000 DBG
39000 DBG
40000 DBG
41000 DBG
41105 ACK SET ST 4
DBG take_action SET-ST-4
42000 DBG
43000 DBG
44000 DBG
44207 ACK SEST ST 4
44206 DBG RC_ERR 2
45000 DBG
46000 DBG
47000 DBG
48000 DBG
48705 ACK SETT ST 4
48705 DBG RC_ERR 2
49000 DBG
50000 DBG
51000 DBG
52000 DBG
53000 DBG
54000 DBG
54708 ACK SET ST 4 3
54708 DBG RC_ERR 4
55000 DBG
56000 DBG
57000 DBG
58000 DBG
59000 DBG
60000 DBG
61000 DBG
62000 DBG
63000 DBG
64000 DBG
65000 DBG
66000 DBG
67000 DBG
68000 DBG
69000 DBG
70000 DBG
71000 DBG
72000 DBG
73000 DBG
74000 DBG
75000 DBG
76000 DBG
76706 ACK ACT REWARD_L
DBG take_action ACT-REWARD_L-
77000 DBG
78000 DBG
79000 DBG
80000 DBG
81000 DBG
