0 DBG begin setup
0 TRL_START
0 TRLP ITI 2000
0 ST_CHG 0 1
520 ACK SET ITI 1000
521 ACK RELEASE_TRL
1000 DBG
2000 DBG
2002 ST_CHG 1 2
2002 TRL_RELEASED
2002 ST_CHG 2 0
2004 TRL_START
2004 TRLP ITI 1000
2004 ST_CHG 0 1
2129 ACK SET ITI 2000
2131 ACK RELEASE_TRL
3000 DBG
3008 ST_CHG 1 2
3008 TRL_RELEASED
3008 ST_CHG 2 0
3010 TRL_START
3010 TRLP ITI 2000
3010 ST_CHG 0 1
3130 ACK SET ITI 3000
3131 ACK RELEASE_TRL
4000 DBG
5000 DBG
5013 ST_CHG 1 2
5013 TRL_RELEASED
5013 ST_CHG 2 0
5015 TRL_START
5015 TRLP ITI 3000
5015 ST_CHG 0 1
5143 ACK SET ITI 4000
5144 ACK RELEASE_TRL
6000 DBG
7000 DBG
